Wed Jun 02 13:09:11 NZST 2021 : Apache Derby Network Server - 10.14.2.0 - (1828579) started and ready to accept connections on port 1527
----------------------------------------------------------------
Wed Jun 02 13:09:33 NZST 2021:
Booting Derby version The Apache Software Foundation - Apache Derby - 10.14.2.0 - (1828579): instance a816c00e-0179-ca44-6880-ffffa28d3b0a 
on database directory C:\Users\libst\Documents\GitHub\PatientManagementSystemGUI\PatientDB with class loader sun.misc.Launcher$AppClassLoader@1d44bcfa 
Loaded from file:/C:/Apache/db-derby-10.14.2.0-bin/lib/derby.jar
java.vendor=Oracle Corporation
java.runtime.version=1.8.0_281-b09
user.dir=C:\Apache\db-derby-10.14.2.0-bin
os.name=Windows 10
os.arch=amd64
os.version=10.0
derby.system.home=C:\Users\libst\Documents\GitHub\PatientManagementSystemGUI
Database Class Loader started - derby.database.classpath=''
----------------------------------------------------------------
Wed Jun 02 13:26:24 NZST 2021:
Booting Derby version The Apache Software Foundation - Apache Derby - 10.14.2.0 - (1828579): instance 29d8c03e-0179-ca44-6880-ffffa28d3b0a 
on database directory C:\Users\libst\Documents\GitHub\PatientManagementSystemGUI\MedicationDB with class loader sun.misc.Launcher$AppClassLoader@1d44bcfa 
Loaded from file:/C:/Apache/db-derby-10.14.2.0-bin/lib/derby.jar
java.vendor=Oracle Corporation
java.runtime.version=1.8.0_281-b09
user.dir=C:\Apache\db-derby-10.14.2.0-bin
os.name=Windows 10
os.arch=amd64
os.version=10.0
derby.system.home=C:\Users\libst\Documents\GitHub\PatientManagementSystemGUI
Database Class Loader started - derby.database.classpath=''
----------------------------------------------------------------
Wed Jun 02 14:21:24 NZST 2021: Shutting down Derby engine
----------------------------------------------------------------
Wed Jun 02 14:21:24 NZST 2021:
Shutting down instance 29d8c03e-0179-ca44-6880-ffffa28d3b0a on database directory C:\Users\libst\Documents\GitHub\PatientManagementSystemGUI\MedicationDB with class loader sun.misc.Launcher$AppClassLoader@1d44bcfa 
----------------------------------------------------------------
Wed Jun 02 14:21:24 NZST 2021:
Shutting down instance a816c00e-0179-ca44-6880-ffffa28d3b0a on database directory C:\Users\libst\Documents\GitHub\PatientManagementSystemGUI\PatientDB with class loader sun.misc.Launcher$AppClassLoader@1d44bcfa 
----------------------------------------------------------------
